<?xml version="1.0" encoding="UTF-8"?>
<testng-results skipped="0" failed="0" ignored="0" total="1" passed="1">
  <reporter-output>
  </reporter-output>
  <suite name="Default suite" duration-ms="1073" started-at="2017-12-04T00:44:12Z" finished-at="2017-12-04T00:44:13Z">
    <groups>
    </groups>
    <test name="Default test" duration-ms="1073" started-at="2017-12-04T00:44:12Z" finished-at="2017-12-04T00:44:13Z">
      <class name="test.java.dao.test.DaoTest">
        <test-method status="PASS" signature="springTestContextBeforeTestClass()[pri:0, instance:test.java.dao.test.DaoTest@6a4f1a55]" name="springTestContextBeforeTestClass" is-config="true" duration-ms="14" started-at="2017-12-04T11:44:12Z" finished-at="2017-12-04T11:44:12Z">
          <reporter-output>
          </reporter-output>
        </test-method> <!-- springTestContextBeforeTestClass -->
        <test-method status="PASS" signature="springTestContextPrepareTestInstance()[pri:0, instance:test.java.dao.test.DaoTest@6a4f1a55]" name="springTestContextPrepareTestInstance" is-config="true" duration-ms="1028" started-at="2017-12-04T11:44:12Z" depends-on-methods="org.springframework.test.context.testng.AbstractTestNGSpringContextTests.springTestContextBeforeTestClass" finished-at="2017-12-04T11:44:13Z">
          <reporter-output>
          </reporter-output>
        </test-method> <!-- springTestContextPrepareTestInstance -->
        <test-method status="PASS" signature="springTestContextBeforeTestMethod(java.lang.reflect.Method)[pri:0, instance:test.java.dao.test.DaoTest@6a4f1a55]" name="springTestContextBeforeTestMethod" is-config="true" duration-ms="1" started-at="2017-12-04T11:44:13Z" finished-at="2017-12-04T11:44:13Z">
          <params>
            <param index="0">
              <value>
                <![CDATA[public void test.java.dao.test.DaoTest.helloWorldTest()]]>
              </value>
            </param>
          </params>
          <reporter-output>
          </reporter-output>
        </test-method> <!-- springTestContextBeforeTestMethod -->
        <test-method status="PASS" signature="helloWorldTest()[pri:0, instance:test.java.dao.test.DaoTest@6a4f1a55]" name="helloWorldTest" duration-ms="7" started-at="2017-12-04T11:44:13Z" finished-at="2017-12-04T11:44:13Z">
          <reporter-output>
          </reporter-output>
        </test-method> <!-- helloWorldTest -->
        <test-method status="PASS" signature="springTestContextAfterTestMethod(java.lang.reflect.Method)[pri:0, instance:test.java.dao.test.DaoTest@6a4f1a55]" name="springTestContextAfterTestMethod" is-config="true" duration-ms="0" started-at="2017-12-04T11:44:13Z" finished-at="2017-12-04T11:44:13Z">
          <params>
            <param index="0">
              <value>
                <![CDATA[public void test.java.dao.test.DaoTest.helloWorldTest()]]>
              </value>
            </param>
          </params>
          <reporter-output>
          </reporter-output>
        </test-method> <!-- springTestContextAfterTestMethod -->
        <test-method status="PASS" signature="springTestContextAfterTestClass()[pri:0, instance:test.java.dao.test.DaoTest@6a4f1a55]" name="springTestContextAfterTestClass" is-config="true" duration-ms="2" started-at="2017-12-04T11:44:13Z" finished-at="2017-12-04T11:44:13Z">
          <reporter-output>
          </reporter-output>
        </test-method> <!-- springTestContextAfterTestClass -->
      </class> <!-- test.java.dao.test.DaoTest -->
    </test> <!-- Default test -->
  </suite> <!-- Default suite -->
</testng-results>
